<?xml version="1.0" encoding="UTF-8"?>
<!-- Generated by org.testng.reporters.JUnitReportReporter -->
<testsuite hostname="DESKTOP-K79FGMR" failures="0" tests="3" name="OrangeHrm.VerificationOfLogginErrorMessage" time="12.259" errors="0" timestamp="2022-05-11T14:08:27 IST" skipped="0">
  <testcase classname="OrangeHrm.VerificationOfLogginErrorMessage" name="LoginErrorMesssage" time="7.146"/>
  <system-out/>
  <testcase classname="OrangeHrm.VerificationOfLogginErrorMessage" name="LoginErrorMesssage" time="2.548"/>
  <system-out/>
  <testcase classname="OrangeHrm.VerificationOfLogginErrorMessage" name="LoginErrorMesssage" time="2.565"/>
  <system-out/>
</testsuite> <!-- OrangeHrm.VerificationOfLogginErrorMessage -->
